<?xml version="1.0" encoding="UTF-8"?>
<testng-results ignored="1" total="10" passed="9" failed="0" skipped="0">
  <reporter-output>
  </reporter-output>
  <suite started-at="2022-10-07T17:06:50 IST" name="Gradle suite" finished-at="2022-10-07T17:06:59 IST" duration-ms="8030">
    <groups>
      <group name="api">
        <method signature="CreateNewPost.createNewPost()[pri:0, instance:E2E.DummyAPI.Posts.CreateNewPost.CreateNewPost@4066c471]" name="createNewPost" class="E2E.DummyAPI.Posts.CreateNewPost.CreateNewPost"/>
        <method signature="DeletePostById.deletePostById()[pri:0, instance:E2E.DummyAPI.Posts.DeletePostByValidId.DeletePostById@2b175c00]" name="deletePostById" class="E2E.DummyAPI.Posts.DeletePostByValidId.DeletePostById"/>
        <method signature="GetAllPosts.getAllPosts()[pri:0, instance:E2E.DummyAPI.Posts.GetAllPosts.GetAllPosts@3eb81efb]" name="getAllPosts" class="E2E.DummyAPI.Posts.GetAllPosts.GetAllPosts"/>
        <method signature="GetPostById.getPostById()[pri:0, instance:E2E.DummyAPI.Posts.GetPostById.GetPostById@1ae8bcbc]" name="getPostById" class="E2E.DummyAPI.Posts.GetPostById.GetPostById"/>
        <method signature="CreateUserWithDuplicateEmail.createNewUserWithError()[pri:0, instance:E2E.DummyAPI.Users.CreateUserWithDuplicateEmail.CreateUserWithDuplicateEmail@6cdba6dc]" name="createNewUserWithError" class="E2E.DummyAPI.Users.CreateUserWithDuplicateEmail.CreateUserWithDuplicateEmail"/>
        <method signature="CreateUserWithValidEmail.createNewUser()[pri:0, instance:E2E.DummyAPI.Users.CreateUserWithValidEmail.CreateUserWithValidEmail@7d3d101b]" name="createNewUser" class="E2E.DummyAPI.Users.CreateUserWithValidEmail.CreateUserWithValidEmail"/>
        <method signature="DeleteUserById.deleteUserById()[pri:0, instance:E2E.DummyAPI.Users.DeleteUser.DeleteUserById@30c8681]" name="deleteUserById" class="E2E.DummyAPI.Users.DeleteUser.DeleteUserById"/>
        <method signature="GetAllUsersUnderYourAccount.getAllUsersUnderYouAccount()[pri:0, instance:E2E.DummyAPI.Users.GetAllUserUnderYourAccount.GetAllUsersUnderYourAccount@5cdec700]" name="getAllUsersUnderYouAccount" class="E2E.DummyAPI.Users.GetAllUserUnderYourAccount.GetAllUsersUnderYourAccount"/>
        <method signature="GetAllUsers.getAllUsers()[pri:0, instance:E2E.DummyAPI.Users.GetAllUsers.GetAllUsers@6d026701]" name="getAllUsers" class="E2E.DummyAPI.Users.GetAllUsers.GetAllUsers"/>
      </group> <!-- api -->
    </groups>
    <test started-at="2022-10-07T17:06:50 IST" name="Gradle test" finished-at="2022-10-07T17:06:59 IST" duration-ms="8030">
      <class name="E2E.DummyAPI.Users.DeleteUser.DeleteUserById">
        <test-method is-config="true" signature="beforeClass()[pri:0, instance:E2E.DummyAPI.Users.DeleteUser.DeleteUserById@30c8681]" started-at="2022-10-07T17:06:56 IST" name="beforeClass" finished-at="2022-10-07T17:06:56 IST" duration-ms="0" status="PASS">
          <reporter-output>
          </reporter-output>
        </test-method> <!-- beforeClass -->
        <test-method signature="deleteUserById()[pri:0, instance:E2E.DummyAPI.Users.DeleteUser.DeleteUserById@30c8681]" started-at="2022-10-07T17:06:56 IST" name="deleteUserById" finished-at="2022-10-07T17:06:57 IST" duration-ms="806" status="PASS">
          <reporter-output>
          </reporter-output>
        </test-method> <!-- deleteUserById -->
      </class> <!-- E2E.DummyAPI.Users.DeleteUser.DeleteUserById -->
      <class name="E2E.DummyAPI.Users.GetAllUserUnderYourAccount.GetAllUsersUnderYourAccount">
        <test-method is-config="true" signature="beforeClass()[pri:0, instance:E2E.DummyAPI.Users.GetAllUserUnderYourAccount.GetAllUsersUnderYourAccount@5cdec700]" started-at="2022-10-07T17:06:57 IST" name="beforeClass" finished-at="2022-10-07T17:06:57 IST" duration-ms="1" status="PASS">
          <reporter-output>
          </reporter-output>
        </test-method> <!-- beforeClass -->
        <test-method signature="getAllUsersUnderYouAccount()[pri:0, instance:E2E.DummyAPI.Users.GetAllUserUnderYourAccount.GetAllUsersUnderYourAccount@5cdec700]" started-at="2022-10-07T17:06:57 IST" name="getAllUsersUnderYouAccount" finished-at="2022-10-07T17:06:58 IST" duration-ms="861" status="PASS">
          <reporter-output>
          </reporter-output>
        </test-method> <!-- getAllUsersUnderYouAccount -->
      </class> <!-- E2E.DummyAPI.Users.GetAllUserUnderYourAccount.GetAllUsersUnderYourAccount -->
      <class name="E2E.DummyAPI.Posts.GetPostById.GetPostById">
        <test-method is-config="true" signature="beforeClass()[pri:0, instance:E2E.DummyAPI.Posts.GetPostById.GetPostById@1ae8bcbc]" started-at="2022-10-07T17:06:54 IST" name="beforeClass" finished-at="2022-10-07T17:06:54 IST" duration-ms="1" status="PASS">
          <reporter-output>
          </reporter-output>
        </test-method> <!-- beforeClass -->
        <test-method signature="getPostById()[pri:0, instance:E2E.DummyAPI.Posts.GetPostById.GetPostById@1ae8bcbc]" started-at="2022-10-07T17:06:54 IST" name="getPostById" finished-at="2022-10-07T17:06:55 IST" duration-ms="1207" status="PASS">
          <reporter-output>
          </reporter-output>
        </test-method> <!-- getPostById -->
      </class> <!-- E2E.DummyAPI.Posts.GetPostById.GetPostById -->
      <class name="E2E.DummyAPI.Posts.DeletePostByValidId.DeletePostById">
        <test-method is-config="true" signature="beforeClass()[pri:0, instance:E2E.DummyAPI.Posts.DeletePostByValidId.DeletePostById@2b175c00]" started-at="2022-10-07T17:06:53 IST" name="beforeClass" finished-at="2022-10-07T17:06:53 IST" duration-ms="1" status="PASS">
          <reporter-output>
          </reporter-output>
        </test-method> <!-- beforeClass -->
        <test-method signature="deletePostById()[pri:0, instance:E2E.DummyAPI.Posts.DeletePostByValidId.DeletePostById@2b175c00]" started-at="2022-10-07T17:06:53 IST" name="deletePostById" finished-at="2022-10-07T17:06:54 IST" duration-ms="900" status="PASS">
          <reporter-output>
          </reporter-output>
        </test-method> <!-- deletePostById -->
      </class> <!-- E2E.DummyAPI.Posts.DeletePostByValidId.DeletePostById -->
      <class name="E2E.DummyAPI.Posts.GetAllPosts.GetAllPosts">
        <test-method is-config="true" signature="beforeClass()[pri:0, instance:E2E.DummyAPI.Posts.GetAllPosts.GetAllPosts@3eb81efb]" started-at="2022-10-07T17:06:54 IST" name="beforeClass" finished-at="2022-10-07T17:06:54 IST" duration-ms="0" status="PASS">
          <reporter-output>
          </reporter-output>
        </test-method> <!-- beforeClass -->
        <test-method signature="getAllPosts()[pri:0, instance:E2E.DummyAPI.Posts.GetAllPosts.GetAllPosts@3eb81efb]" started-at="2022-10-07T17:06:54 IST" name="getAllPosts" finished-at="2022-10-07T17:06:54 IST" duration-ms="427" status="PASS">
          <reporter-output>
          </reporter-output>
        </test-method> <!-- getAllPosts -->
      </class> <!-- E2E.DummyAPI.Posts.GetAllPosts.GetAllPosts -->
      <class name="E2E.DummyAPI.Posts.CreateNewPost.CreateNewPost">
        <test-method is-config="true" signature="beforeClass()[pri:0, instance:E2E.DummyAPI.Posts.CreateNewPost.CreateNewPost@4066c471]" started-at="2022-10-07T17:06:51 IST" name="beforeClass" finished-at="2022-10-07T17:06:51 IST" duration-ms="21" status="PASS">
          <reporter-output>
          </reporter-output>
        </test-method> <!-- beforeClass -->
        <test-method signature="createNewPost()[pri:0, instance:E2E.DummyAPI.Posts.CreateNewPost.CreateNewPost@4066c471]" started-at="2022-10-07T17:06:51 IST" name="createNewPost" finished-at="2022-10-07T17:06:53 IST" duration-ms="2337" status="PASS">
          <reporter-output>
          </reporter-output>
        </test-method> <!-- createNewPost -->
      </class> <!-- E2E.DummyAPI.Posts.CreateNewPost.CreateNewPost -->
      <class name="E2E.DummyAPI.Users.CreateUserWithValidEmail.CreateUserWithValidEmail">
        <test-method is-config="true" signature="beforeClass()[pri:0, instance:E2E.DummyAPI.Users.CreateUserWithValidEmail.CreateUserWithValidEmail@7d3d101b]" started-at="2022-10-07T17:06:56 IST" name="beforeClass" finished-at="2022-10-07T17:06:56 IST" duration-ms="1" status="PASS">
          <reporter-output>
          </reporter-output>
        </test-method> <!-- beforeClass -->
        <test-method signature="createNewUser()[pri:0, instance:E2E.DummyAPI.Users.CreateUserWithValidEmail.CreateUserWithValidEmail@7d3d101b]" started-at="2022-10-07T17:06:56 IST" name="createNewUser" finished-at="2022-10-07T17:06:56 IST" duration-ms="563" status="PASS">
          <reporter-output>
          </reporter-output>
        </test-method> <!-- createNewUser -->
      </class> <!-- E2E.DummyAPI.Users.CreateUserWithValidEmail.CreateUserWithValidEmail -->
      <class name="E2E.DummyAPI.Users.CreateUserWithDuplicateEmail.CreateUserWithDuplicateEmail">
        <test-method is-config="true" signature="beforeClass()[pri:0, instance:E2E.DummyAPI.Users.CreateUserWithDuplicateEmail.CreateUserWithDuplicateEmail@6cdba6dc]" started-at="2022-10-07T17:06:55 IST" name="beforeClass" finished-at="2022-10-07T17:06:55 IST" duration-ms="1" status="PASS">
          <reporter-output>
          </reporter-output>
        </test-method> <!-- beforeClass -->
        <test-method signature="createNewUserWithError()[pri:0, instance:E2E.DummyAPI.Users.CreateUserWithDuplicateEmail.CreateUserWithDuplicateEmail@6cdba6dc]" started-at="2022-10-07T17:06:55 IST" name="createNewUserWithError" finished-at="2022-10-07T17:06:56 IST" duration-ms="405" status="PASS">
          <reporter-output>
          </reporter-output>
        </test-method> <!-- createNewUserWithError -->
      </class> <!-- E2E.DummyAPI.Users.CreateUserWithDuplicateEmail.CreateUserWithDuplicateEmail -->
      <class name="E2E.DummyAPI.Users.GetAllUsers.GetAllUsers">
        <test-method is-config="true" signature="beforeClass()[pri:0, instance:E2E.DummyAPI.Users.GetAllUsers.GetAllUsers@6d026701]" started-at="2022-10-07T17:06:58 IST" name="beforeClass" finished-at="2022-10-07T17:06:58 IST" duration-ms="0" status="PASS">
          <reporter-output>
          </reporter-output>
        </test-method> <!-- beforeClass -->
        <test-method signature="getAllUsers()[pri:0, instance:E2E.DummyAPI.Users.GetAllUsers.GetAllUsers@6d026701]" started-at="2022-10-07T17:06:58 IST" name="getAllUsers" finished-at="2022-10-07T17:06:59 IST" duration-ms="437" status="PASS">
          <reporter-output>
          </reporter-output>
        </test-method> <!-- getAllUsers -->
      </class> <!-- E2E.DummyAPI.Users.GetAllUsers.GetAllUsers -->
    </test> <!-- Gradle test -->
  </suite> <!-- Gradle suite -->
</testng-results>
