<?xml version="1.0" encoding="UTF-8"?>
<testng-results ignored="0" total="6" passed="6" failed="0" skipped="0">
  <reporter-output>
  </reporter-output>
  <suite started-at="2022-10-05T22:56:09 IST" name="Gradle suite" finished-at="2022-10-05T22:56:15 IST" duration-ms="6051">
    <groups>
      <group name="api">
        <method signature="getAllPostDetails.GetAllPostDetail()[pri:0, instance:Post.GetAllPosts.getAllPostDetails@1187c9e8]" name="GetAllPostDetail" class="Post.GetAllPosts.getAllPostDetails"/>
        <method signature="createNewUserWithDuplicateEmail.CreateNewUser()[pri:0, instance:User.CreateNewUser.createNewUserWithDuplicateEmail@57ad2aa7]" name="CreateNewUser" class="User.CreateNewUser.createNewUserWithDuplicateEmail"/>
        <method signature="createNewUserWithValidEmail.CreateNewUser()[pri:0, instance:User.CreateNewUser.createNewUserWithValidEmail@5b3f61ff]" name="CreateNewUser" class="User.CreateNewUser.createNewUserWithValidEmail"/>
        <method signature="getAllUserDetailsWithInvalidAppId.GetAllUsersDetail()[pri:0, instance:User.GetAllUserDetails.getAllUserDetailsWithInvalidAppId@3e2059ae]" name="GetAllUsersDetail" class="User.GetAllUserDetails.getAllUserDetailsWithInvalidAppId"/>
        <method signature="getAllUserDetailsWithValidAppId.GetAllUsersDetail()[pri:1, instance:User.GetAllUserDetails.getAllUserDetailsWithValidAppId@398dada8]" name="GetAllUsersDetail" class="User.GetAllUserDetails.getAllUserDetailsWithValidAppId"/>
        <method signature="getUserCreatedInYourAccount.GetUserCreatedInYourAccount()[pri:2, instance:User.GetUserCreatedInYourAccount.getUserCreatedInYourAccount@7cb502c]" name="GetUserCreatedInYourAccount" class="User.GetUserCreatedInYourAccount.getUserCreatedInYourAccount"/>
      </group> <!-- api -->
    </groups>
    <test started-at="2022-10-05T22:56:09 IST" name="Gradle test" finished-at="2022-10-05T22:56:15 IST" duration-ms="6051">
      <class name="Post.GetAllPosts.getAllPostDetails">
        <test-method signature="GetAllPostDetail()[pri:0, instance:Post.GetAllPosts.getAllPostDetails@1187c9e8]" started-at="2022-10-05T22:56:09 IST" name="GetAllPostDetail" finished-at="2022-10-05T22:56:12 IST" duration-ms="2093" status="PASS">
          <reporter-output>
          </reporter-output>
        </test-method> <!-- GetAllPostDetail -->
      </class> <!-- Post.GetAllPosts.getAllPostDetails -->
      <class name="User.GetAllUserDetails.getAllUserDetailsWithValidAppId">
        <test-method signature="GetAllUsersDetail()[pri:1, instance:User.GetAllUserDetails.getAllUserDetailsWithValidAppId@398dada8]" started-at="2022-10-05T22:56:14 IST" name="GetAllUsersDetail" finished-at="2022-10-05T22:56:15 IST" duration-ms="566" status="PASS">
          <reporter-output>
          </reporter-output>
        </test-method> <!-- GetAllUsersDetail -->
      </class> <!-- User.GetAllUserDetails.getAllUserDetailsWithValidAppId -->
      <class name="User.GetAllUserDetails.getAllUserDetailsWithInvalidAppId">
        <test-method signature="GetAllUsersDetail()[pri:0, instance:User.GetAllUserDetails.getAllUserDetailsWithInvalidAppId@3e2059ae]" started-at="2022-10-05T22:56:14 IST" name="GetAllUsersDetail" finished-at="2022-10-05T22:56:14 IST" duration-ms="648" status="PASS">
          <reporter-output>
          </reporter-output>
        </test-method> <!-- GetAllUsersDetail -->
      </class> <!-- User.GetAllUserDetails.getAllUserDetailsWithInvalidAppId -->
      <class name="User.GetUserCreatedInYourAccount.getUserCreatedInYourAccount">
        <test-method signature="GetUserCreatedInYourAccount()[pri:2, instance:User.GetUserCreatedInYourAccount.getUserCreatedInYourAccount@7cb502c]" started-at="2022-10-05T22:56:15 IST" name="GetUserCreatedInYourAccount" finished-at="2022-10-05T22:56:15 IST" duration-ms="492" status="PASS">
          <reporter-output>
          </reporter-output>
        </test-method> <!-- GetUserCreatedInYourAccount -->
      </class> <!-- User.GetUserCreatedInYourAccount.getUserCreatedInYourAccount -->
      <class name="User.CreateNewUser.createNewUserWithValidEmail">
        <test-method signature="CreateNewUser()[pri:0, instance:User.CreateNewUser.createNewUserWithValidEmail@5b3f61ff]" started-at="2022-10-05T22:56:13 IST" name="CreateNewUser" finished-at="2022-10-05T22:56:14 IST" duration-ms="997" status="PASS">
          <reporter-output>
          </reporter-output>
        </test-method> <!-- CreateNewUser -->
      </class> <!-- User.CreateNewUser.createNewUserWithValidEmail -->
      <class name="User.CreateNewUser.createNewUserWithDuplicateEmail">
        <test-method signature="CreateNewUser()[pri:0, instance:User.CreateNewUser.createNewUserWithDuplicateEmail@57ad2aa7]" started-at="2022-10-05T22:56:12 IST" name="CreateNewUser" finished-at="2022-10-05T22:56:13 IST" duration-ms="1203" status="PASS">
          <reporter-output>
          </reporter-output>
        </test-method> <!-- CreateNewUser -->
      </class> <!-- User.CreateNewUser.createNewUserWithDuplicateEmail -->
    </test> <!-- Gradle test -->
  </suite> <!-- Gradle suite -->
</testng-results>
